This is pdfTeX, Version 3.1415926-2.4-1.40.13 (MiKTeX 2.9) (preloaded format=pdflatex 2015.9.24)  28 FEB 2016 21:08
entering extended mode
**8085_Documentation.tex
(C:\Users\Jubin\Documents\researchWork\8085\8085_latex\8085_Documentation.tex
LaTeX2e <2011/06/27>
Babel <v3.8m> and hyphenation patterns for english, afrikaans, ancientgreek, ar
abic, armenian, assamese, basque, bengali, bokmal, bulgarian, catalan, coptic, 
croatian, czech, danish, dutch, esperanto, estonian, farsi, finnish, french, ga
lician, german, german-x-2012-05-30, greek, gujarati, hindi, hungarian, iceland
ic, indonesian, interlingua, irish, italian, kannada, kurmanji, latin, latvian,
 lithuanian, malayalam, marathi, mongolian, mongolianlmc, monogreek, ngerman, n
german-x-2012-05-30, nynorsk, oriya, panjabi, pinyin, polish, portuguese, roman
ian, russian, sanskrit, serbian, slovak, slovenian, spanish, swedish, swissgerm
an, tamil, telugu, turkish, turkmen, ukenglish, ukrainian, uppersorbian, usengl
ishmax, welsh, loaded.
("C:\Program Files (x86)\MiKTeX 2.9\tex\latex\base\book.cls"
Document Class: book 2007/10/19 v1.4h Standard LaTeX document class
("C:\Program Files (x86)\MiKTeX 2.9\tex\latex\base\bk11.clo"
File: bk11.clo 2007/10/19 v1.4h Standard LaTeX file (size option)
)
\c@part=\count79
\c@chapter=\count80
\c@section=\count81
\c@subsection=\count82
\c@subsubsection=\count83
\c@paragraph=\count84
\c@subparagraph=\count85
\c@figure=\count86
\c@table=\count87
\abovecaptionskip=\skip41
\belowcaptionskip=\skip42
\bibindent=\dimen102
)
("C:\Program Files (x86)\MiKTeX 2.9\tex\latex\psnfss\times.sty"
Package: times 2005/04/12 PSNFSS-v9.2a (SPQR) 
)
("C:\Program Files (x86)\MiKTeX 2.9\tex\latex\ulem\ulem.sty"
\UL@box=\box26
\UL@hyphenbox=\box27
\UL@skip=\skip43
\UL@hook=\toks14
\UL@height=\dimen103
\UL@pe=\count88
\UL@pixel=\dimen104
\ULC@box=\box28
Package: ulem 2012/05/18
\ULdepth=\dimen105
)
("C:\Program Files (x86)\MiKTeX 2.9\tex\latex\graphics\graphicx.sty"
Package: graphicx 1999/02/16 v1.0f Enhanced LaTeX Graphics (DPC,SPQR)

("C:\Program Files (x86)\MiKTeX 2.9\tex\latex\graphics\keyval.sty"
Package: keyval 1999/03/16 v1.13 key=value parser (DPC)
\KV@toks@=\toks15
)
("C:\Program Files (x86)\MiKTeX 2.9\tex\latex\graphics\graphics.sty"
Package: graphics 2009/02/05 v1.0o Standard LaTeX Graphics (DPC,SPQR)

("C:\Program Files (x86)\MiKTeX 2.9\tex\latex\graphics\trig.sty"
Package: trig 1999/03/16 v1.09 sin cos tan (DPC)
)
("C:\Program Files (x86)\MiKTeX 2.9\tex\latex\00miktex\graphics.cfg"
File: graphics.cfg 2007/01/18 v1.5 graphics configuration of teTeX/TeXLive
)
Package graphics Info: Driver file: pdftex.def on input line 91.

("C:\Program Files (x86)\MiKTeX 2.9\tex\latex\pdftex-def\pdftex.def"
File: pdftex.def 2011/05/27 v0.06d Graphics/color for pdfTeX

("C:\Program Files (x86)\MiKTeX 2.9\tex\generic\oberdiek\infwarerr.sty"
Package: infwarerr 2010/04/08 v1.3 Providing info/warning/error messages (HO)
)
("C:\Program Files (x86)\MiKTeX 2.9\tex\generic\oberdiek\ltxcmds.sty"
Package: ltxcmds 2011/11/09 v1.22 LaTeX kernel commands for general use (HO)
)
\Gread@gobject=\count89
))
\Gin@req@height=\dimen106
\Gin@req@width=\dimen107
)
("C:\Program Files (x86)\MiKTeX 2.9\tex\latex\setspace\setspace.sty"
Package: setspace 2011/12/19 v6.7a set line spacing
)
("C:\Program Files (x86)\MiKTeX 2.9\tex\latex\ams\math\amsmath.sty"
Package: amsmath 2000/07/18 v2.13 AMS math features
\@mathmargin=\skip44

For additional information on amsmath, use the `?' option.
("C:\Program Files (x86)\MiKTeX 2.9\tex\latex\ams\math\amstext.sty"
Package: amstext 2000/06/29 v2.01

("C:\Program Files (x86)\MiKTeX 2.9\tex\latex\ams\math\amsgen.sty"
File: amsgen.sty 1999/11/30 v2.0
\@emptytoks=\toks16
\ex@=\dimen108
))
("C:\Program Files (x86)\MiKTeX 2.9\tex\latex\ams\math\amsbsy.sty"
Package: amsbsy 1999/11/29 v1.2d
\pmbraise@=\dimen109
)
("C:\Program Files (x86)\MiKTeX 2.9\tex\latex\ams\math\amsopn.sty"
Package: amsopn 1999/12/14 v2.01 operator names
)
\inf@bad=\count90
LaTeX Info: Redefining \frac on input line 211.
\uproot@=\count91
\leftroot@=\count92
LaTeX Info: Redefining \overline on input line 307.
\classnum@=\count93
\DOTSCASE@=\count94
LaTeX Info: Redefining \ldots on input line 379.
LaTeX Info: Redefining \dots on input line 382.
LaTeX Info: Redefining \cdots on input line 467.
\Mathstrutbox@=\box29
\strutbox@=\box30
\big@size=\dimen110
LaTeX Font Info:    Redeclaring font encoding OML on input line 567.
LaTeX Font Info:    Redeclaring font encoding OMS on input line 568.
\macc@depth=\count95
\c@MaxMatrixCols=\count96
\dotsspace@=\muskip10
\c@parentequation=\count97
\dspbrk@lvl=\count98
\tag@help=\toks17
\row@=\count99
\column@=\count100
\maxfields@=\count101
\andhelp@=\toks18
\eqnshift@=\dimen111
\alignsep@=\dimen112
\tagshift@=\dimen113
\tagwidth@=\dimen114
\totwidth@=\dimen115
\lineht@=\dimen116
\@envbody=\toks19
\multlinegap=\skip45
\multlinetaggap=\skip46
\mathdisplay@stack=\toks20
LaTeX Info: Redefining \[ on input line 2666.
LaTeX Info: Redefining \] on input line 2667.
)
("C:\Program Files (x86)\MiKTeX 2.9\tex\latex\ams\classes\amsthm.sty"
Package: amsthm 2004/08/06 v2.20
\thm@style=\toks21
\thm@bodyfont=\toks22
\thm@headfont=\toks23
\thm@notefont=\toks24
\thm@headpunct=\toks25
\thm@preskip=\skip47
\thm@postskip=\skip48
\thm@headsep=\skip49
\dth@everypar=\toks26
)
("C:\Program Files (x86)\MiKTeX 2.9\tex\latex\amsfonts\amssymb.sty"
Package: amssymb 2009/06/22 v3.00

("C:\Program Files (x86)\MiKTeX 2.9\tex\latex\amsfonts\amsfonts.sty"
Package: amsfonts 2009/06/22 v3.00 Basic AMSFonts support
\symAMSa=\mathgroup4
\symAMSb=\mathgroup5
LaTeX Font Info:    Overwriting math alphabet `\mathfrak' in version `bold'
(Font)                  U/euf/m/n --> U/euf/b/n on input line 96.
))
("C:\Program Files (x86)\MiKTeX 2.9\tex\latex\oberdiek\stackrel.sty"
Package: stackrel 2007/11/11 v1.2 Adding subscript option to stackrel (HO)

("C:\Program Files (x86)\MiKTeX 2.9\tex\generic\oberdiek\etexcmds.sty"
Package: etexcmds 2011/02/16 v1.5 Avoid name clashes with e-TeX commands (HO)

("C:\Program Files (x86)\MiKTeX 2.9\tex\generic\oberdiek\ifluatex.sty"
Package: ifluatex 2010/03/01 v1.3 Provides the ifluatex switch (HO)
Package ifluatex Info: LuaTeX not detected.
)
Package etexcmds Info: Could not find \expanded.
(etexcmds)             That can mean that you are not using pdfTeX 1.50 or
(etexcmds)             that some package has redefined \expanded.
(etexcmds)             In the latter case, load this package earlier.
)
("C:\Program Files (x86)\MiKTeX 2.9\tex\generic\oberdiek\pdftexcmds.sty"
Package: pdftexcmds 2011/11/29 v0.20 Utility functions of pdfTeX for LuaTeX (HO
)

("C:\Program Files (x86)\MiKTeX 2.9\tex\generic\oberdiek\ifpdf.sty"
Package: ifpdf 2011/01/30 v2.3 Provides the ifpdf switch (HO)
Package ifpdf Info: pdfTeX in PDF mode is detected.
)
Package pdftexcmds Info: LuaTeX not detected.
Package pdftexcmds Info: \pdf@primitive is available.
Package pdftexcmds Info: \pdf@ifprimitive is available.
Package pdftexcmds Info: \pdfdraftmode found.
))
("C:\Program Files (x86)\MiKTeX 2.9\tex\latex\cancel\cancel.sty"
Package: cancel 2000/03/12 v2.1 Cancel math terms
)
("C:\Program Files (x86)\MiKTeX 2.9\tex\latex\fmtcount\fmtcount.sty"
Package: fmtcount 2009/10/02 v1.31

("C:\Program Files (x86)\MiKTeX 2.9\tex\latex\base\ifthen.sty"
Package: ifthen 2001/05/26 v1.1c Standard LaTeX ifthen package (DPC)
)
\c@padzeroesN=\count102

("C:\Program Files (x86)\MiKTeX 2.9\tex\latex\fmtcount\fc-english.def"
File: fc-english 2007/05/26
)
("C:\Program Files (x86)\MiKTeX 2.9\tex\latex\fmtcount\fc-UKenglish.def"
File: fc-UKenglish 2007/06/14
)
("C:\Program Files (x86)\MiKTeX 2.9\tex\latex\fmtcount\fc-british.def"
File: fc-british 2007/06/14
)
("C:\Program Files (x86)\MiKTeX 2.9\tex\latex\fmtcount\fc-USenglish.def"
File: fc-USenglish 2007/06/14
)
("C:\Program Files (x86)\MiKTeX 2.9\tex\latex\fmtcount\fc-spanish.def"
File: fc-spanish.def 2007/05/26
)
("C:\Program Files (x86)\MiKTeX 2.9\tex\latex\fmtcount\fc-portuges.def"
File: fc-portuges.def 2007/05/26
)
("C:\Program Files (x86)\MiKTeX 2.9\tex\latex\fmtcount\fc-french.def"
File: fc-french.def 2007/05/26
)
("C:\Program Files (x86)\MiKTeX 2.9\tex\latex\fmtcount\fc-german.def"
File: fc-german.def 2007/06/14
)
("C:\Program Files (x86)\MiKTeX 2.9\tex\latex\fmtcount\fc-italian.def"
File: fc-italian.def 2009/10/02 Italian support for fmtcount (Edoardo Pasca)
)
No configuration file fmtcount.cfg found.
\@DT@modctr=\count103
\@ordinalctr=\count104
\@orgargctr=\count105
\@strctr=\count106
\@tmpstrctr=\count107
\@DT@loopN=\count108
\@DT@X=\count109
) ("C:\Program Files (x86)\MiKTeX 2.9\tex\latex\tools\enumerate.sty"
Package: enumerate 1999/03/05 v3.00 enumerate extensions (DPC)
\@enLab=\toks27
)
("C:\Program Files (x86)\MiKTeX 2.9\tex\latex\mh\mathtools.sty"
Package: mathtools 2012/04/24 v1.12 mathematical typesetting tools

("C:\Program Files (x86)\MiKTeX 2.9\tex\latex\tools\calc.sty"
Package: calc 2007/08/22 v4.3 Infix arithmetic (KKT,FJ)
\calc@Acount=\count110
\calc@Bcount=\count111
\calc@Adimen=\dimen117
\calc@Bdimen=\dimen118
\calc@Askip=\skip50
\calc@Bskip=\skip51
LaTeX Info: Redefining \setlength on input line 76.
LaTeX Info: Redefining \addtolength on input line 77.
\calc@Ccount=\count112
\calc@Cskip=\skip52
)
("C:\Program Files (x86)\MiKTeX 2.9\tex\latex\mh\mhsetup.sty"
Package: mhsetup 2010/01/21 v1.2a programming setup (MH)
)
\g_MT_multlinerow_int=\count113
\l_MT_multwidth_dim=\dimen119
\origjot=\skip53
\l_MT_shortvdotswithinadjustabove_dim=\dimen120
\l_MT_shortvdotswithinadjustbelow_dim=\dimen121
\l_MT_above_intertext_dim=\dimen122
\l_MT_below_intertext_dim=\dimen123
\l_MT_above_shortintertext_dim=\dimen124
\l_MT_below_shortintertext_dim=\dimen125
)
("C:\Program Files (x86)\MiKTeX 2.9\tex\latex\base\fontenc.sty"
Package: fontenc 2005/09/27 v1.99g Standard LaTeX package

("C:\Program Files (x86)\MiKTeX 2.9\tex\latex\base\t1enc.def"
File: t1enc.def 2005/09/27 v1.99g Standard LaTeX file
LaTeX Font Info:    Redeclaring font encoding T1 on input line 43.
))
("C:\Program Files (x86)\MiKTeX 2.9\tex\latex\base\inputenc.sty"
Package: inputenc 2008/03/30 v1.1d Input encoding file
\inpenc@prehook=\toks28
\inpenc@posthook=\toks29

("C:\Program Files (x86)\MiKTeX 2.9\tex\latex\base\latin9.def"
File: latin9.def 2008/03/30 v1.1d Input encoding file
))
("C:\Program Files (x86)\MiKTeX 2.9\tex\latex\etoolbox\etoolbox.sty"
Package: etoolbox 2011/01/03 v2.1 e-TeX tools for LaTeX

("C:\Program Files (x86)\MiKTeX 2.9\tex\latex\misc\etex.sty"
Package: etex 1998/03/26 v2.0 eTeX basic definition package (PEB)
\et@xins=\count114
)
\etb@tempcnta=\count115
)
("C:\Program Files (x86)\MiKTeX 2.9\tex\latex\float\float.sty"
Package: float 2001/11/08 v1.3d Float enhancements (AL)
\c@float@type=\count116
\float@exts=\toks30
\float@box=\box31
\@float@everytoks=\toks31
\@floatcapt=\box32
)
("C:\Program Files (x86)\MiKTeX 2.9\tex\latex\placeins\placeins.sty"
Package: placeins 2005/04/18  v 2.2
)
("C:\Program Files (x86)\MiKTeX 2.9\tex\latex\caption\caption.sty"
Package: caption 2012/02/19 v3.2f Customizing captions (AR)

("C:\Program Files (x86)\MiKTeX 2.9\tex\latex\caption\caption3.sty"
Package: caption3 2012/01/12 v1.4b caption3 kernel (AR)
\captionmargin=\dimen126
\captionmargin@=\dimen127
\captionwidth=\dimen128
\caption@indent=\dimen129
\caption@parindent=\dimen130
\caption@hangindent=\dimen131
)
\c@ContinuedFloat=\count117
Package caption Info: float package is loaded.
)
("C:\Program Files (x86)\MiKTeX 2.9\tex\latex\caption\subcaption.sty"
Package: subcaption 2012/01/12 v1.1d Sub-captions (AR)
\c@subfigure=\count118
\c@subtable=\count119
)
("C:\Program Files (x86)\MiKTeX 2.9\tex\latex\tools\array.sty"
Package: array 2008/09/09 v2.4c Tabular extension package (FMi)
\col@sep=\dimen132
\extrarowheight=\dimen133
\NC@list=\toks32
\extratabsurround=\skip54
\backup@length=\skip55
)
("C:\Program Files (x86)\MiKTeX 2.9\tex\latex\multirow\multirow.sty"
\bigstrutjot=\dimen134
)
("C:\Program Files (x86)\MiKTeX 2.9\tex\latex\datatool\datatool.sty"
Package: datatool 2009/11/15 v2.03 (NLCT)

("C:\Program Files (x86)\MiKTeX 2.9\tex\latex\xkeyval\xkeyval.sty"
Package: xkeyval 2008/08/13 v2.6a package option processing (HA)

("C:\Program Files (x86)\MiKTeX 2.9\tex\generic\xkeyval\xkeyval.tex"
\XKV@toks=\toks33
\XKV@tempa@toks=\toks34
\XKV@depth=\count120
File: xkeyval.tex 2008/08/13 v2.6a key=value parser (HA)
))
("C:\Program Files (x86)\MiKTeX 2.9\tex\latex\xfor\xfor.sty"
Package: xfor 2009/02/05 v1.05 (NLCT)
)
("C:\Program Files (x86)\MiKTeX 2.9\tex\latex\fp\fp.sty"
Package: fp 1995/04/02

`Fixed Point Package', Version 0.8, April 2, 1995 (C) Michael Mehlich
("C:\Program Files (x86)\MiKTeX 2.9\tex\latex\fp\defpattern.sty"
Package: defpattern 1994/10/12
\actioncount=\count121
)
("C:\Program Files (x86)\MiKTeX 2.9\tex\latex\fp\fp-basic.sty"
Package: fp-basic 1996/05/13
\FP@xs=\count122
\FP@xia=\count123
\FP@xib=\count124
\FP@xfa=\count125
\FP@xfb=\count126
\FP@rega=\count127
\FP@regb=\count128
\FP@regs=\count129
\FP@times=\count130
)
("C:\Program Files (x86)\MiKTeX 2.9\tex\latex\fp\fp-addons.sty"
Package: fp-addons 1995/03/15
)
("C:\Program Files (x86)\MiKTeX 2.9\tex\latex\fp\fp-snap.sty"
Package: fp-snap 1995/04/05
)
("C:\Program Files (x86)\MiKTeX 2.9\tex\latex\fp\fp-exp.sty"
Package: fp-exp 1995/04/03
)
("C:\Program Files (x86)\MiKTeX 2.9\tex\latex\fp\fp-trigo.sty"
Package: fp-trigo 1995/04/14
)
("C:\Program Files (x86)\MiKTeX 2.9\tex\latex\fp\fp-pas.sty"
Package: fp-pas 1994/08/29
)
("C:\Program Files (x86)\MiKTeX 2.9\tex\latex\fp\fp-random.sty"
Package: fp-random 1995/02/23
\FPseed=\count131
)
("C:\Program Files (x86)\MiKTeX 2.9\tex\latex\fp\fp-eqn.sty"
Package: fp-eqn 1995/04/03
)
("C:\Program Files (x86)\MiKTeX 2.9\tex\latex\fp\fp-upn.sty"
Package: fp-upn 1996/10/21
)
("C:\Program Files (x86)\MiKTeX 2.9\tex\latex\fp\fp-eval.sty"
Package: fp-eval 1995/04/03
))
("C:\Program Files (x86)\MiKTeX 2.9\tex\latex\substr\substr.sty"
Package: substr 2009/10/20 v1.2 Handle substrings
\c@su@anzahl=\count132
)
\@dtl@datatype=\count133
\@dtl@tmpcount=\count134
\dtl@tmplength=\skip56
\@dtl@numgrpsepcount=\count135
\dtl@codeA=\count136
\dtl@codeB=\count137
\dtlcolumnnum=\count138
\dtlrownum=\count139
\@dtl@before=\toks35
\@dtl@after=\toks36
\@dtl@colhead=\toks37
\dtlcurrentrow=\toks38
\dtlbeforerow=\toks39
\dtlafterrow=\toks40
\@dtl@foreach@level=\count140
\dtlforeachlevel=\count141
\c@DTLrowi=\count142
\c@DTLrowii=\count143
\c@DTLrowiii=\count144
\c@DTLrow=\count145
\dtl@rowi=\count146
\dtl@rowii=\count147
\dtl@rowiii=\count148
\@dtl@curi=\toks41
\@dtl@previ=\toks42
\@dtl@nexti=\toks43
\@dtl@curii=\toks44
\@dtl@previi=\toks45
\@dtl@nextii=\toks46
\@dtl@curiii=\toks47
\@dtl@previii=\toks48
\@dtl@nextiii=\toks49
\@dtl@elements=\count149
\@dtl@list=\toks50
\@dtl@rowa=\toks51
\@dtl@rowb=\toks52
\@dtl@toksA=\toks53
\@dtl@toksB=\toks54
\@dtl@toks=\toks55
\@dtl@write=\write3
\@dtl@read=\read1
\dtl@entrycr=\count150
\dtl@sortresult=\count151
)
("C:\Program Files (x86)\MiKTeX 2.9\tex\latex\booktabs\booktabs.sty"
Package: booktabs 2005/04/14 v1.61803 publication quality tables
\heavyrulewidth=\dimen135
\lightrulewidth=\dimen136
\cmidrulewidth=\dimen137
\belowrulesep=\dimen138
\belowbottomsep=\dimen139
\aboverulesep=\dimen140
\abovetopsep=\dimen141
\cmidrulesep=\dimen142
\cmidrulekern=\dimen143
\defaultaddspace=\dimen144
\@cmidla=\count152
\@cmidlb=\count153
\@aboverulesep=\dimen145
\@belowrulesep=\dimen146
\@thisruleclass=\count154
\@lastruleclass=\count155
\@thisrulewidth=\dimen147
)
("C:\Program Files (x86)\MiKTeX 2.9\tex\latex\arydshln\arydshln.sty"
Package: arydshln 2004/08/31 v1.71 
\dashlinedash=\dimen148
\dashlinegap=\dimen149
\adl@box=\box33
\adl@height=\dimen150
\adl@heightsave=\dimen151
\adl@depth=\dimen152
\adl@depthsave=\dimen153
\adl@finaldepth=\dimen154
\adl@columns=\count156
\adl@ncol=\count157
\adl@currentcolumn=\count158
\adl@currentcolumnsave=\count159
\adl@totalheight=\count160
\adl@totalheightsave=\count161
\adl@dash=\count162
\adl@gap=\count163
\adl@cla=\count164
\adl@clb=\count165
\adl@everyvbox=\toks56
\adl@LTpagetotal=\dimen155
)
("C:\Program Files (x86)\MiKTeX 2.9\tex\latex\listings\listings.sty"
\lst@mode=\count166
\lst@gtempboxa=\box34
\lst@token=\toks57
\lst@length=\count167
\lst@currlwidth=\dimen156
\lst@column=\count168
\lst@pos=\count169
\lst@lostspace=\dimen157
\lst@width=\dimen158
\lst@newlines=\count170
\lst@lineno=\count171
\lst@maxwidth=\dimen159

("C:\Program Files (x86)\MiKTeX 2.9\tex\latex\listings\lstmisc.sty"
File: lstmisc.sty 2007/02/22 1.4 (Carsten Heinz)
\c@lstnumber=\count172
\lst@skipnumbers=\count173
\lst@framebox=\box35
)
("C:\Program Files (x86)\MiKTeX 2.9\tex\latex\listings\listings.cfg"
File: listings.cfg 2007/02/22 1.4 listings configuration
))
Package: listings 2007/02/22 1.4 (Carsten Heinz)

("C:\Program Files (x86)\MiKTeX 2.9\tex\latex\algorithms\algorithm.sty"
Package: algorithm 2009/08/24 v0.1 Document Style `algorithm' - floating enviro
nment
\@float@every@algorithm=\toks58
\c@algorithm=\count174
)
("C:\Program Files (x86)\MiKTeX 2.9\tex\latex\algorithmicx\algpseudocode.sty"
Package: algpseudocode 

("C:\Program Files (x86)\MiKTeX 2.9\tex\latex\algorithmicx\algorithmicx.sty"
Package: algorithmicx 2005/04/27 v1.2 Algorithmicx

Document Style algorithmicx 1.2 - a greatly improved `algorithmic' style
\c@ALG@line=\count175
\c@ALG@rem=\count176
\c@ALG@nested=\count177
\ALG@tlm=\skip57
\ALG@thistlm=\skip58
\c@ALG@Lnr=\count178
\c@ALG@blocknr=\count179
\c@ALG@storecount=\count180
\c@ALG@tmpcounter=\count181
\ALG@tmplength=\skip59
)
Document Style - pseudocode environments for use with the `algorithmicx' style
) ("C:\Program Files (x86)\MiKTeX 2.9\tex\latex\nomencl\nomencl.sty"
Package: nomencl 2005/09/22 v4.2 Nomenclature package (LN)
\nomlabelwidth=\dimen160
\nom@tempdim=\dimen161
\nomitemsep=\skip60
)
("C:\Program Files (x86)\MiKTeX 2.9\tex\latex\geometry\geometry.sty"
Package: geometry 2010/09/12 v5.6 Page Geometry

("C:\Program Files (x86)\MiKTeX 2.9\tex\generic\oberdiek\ifvtex.sty"
Package: ifvtex 2010/03/01 v1.5 Detect VTeX and its facilities (HO)
Package ifvtex Info: VTeX not detected.
)
("C:\Program Files (x86)\MiKTeX 2.9\tex\generic\ifxetex\ifxetex.sty"
Package: ifxetex 2010/09/12 v0.6 Provides ifxetex conditional
)
\Gm@cnth=\count182
\Gm@cntv=\count183
\c@Gm@tempcnt=\count184
\Gm@bindingoffset=\dimen162
\Gm@wd@mp=\dimen163
\Gm@odd@mp=\dimen164
\Gm@even@mp=\dimen165
\Gm@layoutwidth=\dimen166
\Gm@layoutheight=\dimen167
\Gm@layouthoffset=\dimen168
\Gm@layoutvoffset=\dimen169
\Gm@dimlist=\toks59

("C:\Program Files (x86)\MiKTeX 2.9\tex\latex\geometry\geometry.cfg"))
("C:\Program Files (x86)\MiKTeX 2.9\tex\latex\oberdiek\refcount.sty"
Package: refcount 2011/10/16 v3.4 Data extraction from label references (HO)
)
("C:\Program Files (x86)\MiKTeX 2.9\tex\latex\comment\comment.sty"
\CommentStream=\write4

Excluding comment 'comment')
("C:\Program Files (x86)\MiKTeX 2.9\tex\latex\xcolor\xcolor.sty"
Package: xcolor 2007/01/21 v2.11 LaTeX color extensions (UK)

("C:\Program Files (x86)\MiKTeX 2.9\tex\latex\00miktex\color.cfg"
File: color.cfg 2007/01/18 v1.5 color configuration of teTeX/TeXLive
)
Package xcolor Info: Driver file: pdftex.def on input line 225.
Package xcolor Info: Model `cmy' substituted by `cmy0' on input line 1337.
Package xcolor Info: Model `hsb' substituted by `rgb' on input line 1341.
Package xcolor Info: Model `RGB' extended on input line 1353.
Package xcolor Info: Model `HTML' substituted by `rgb' on input line 1355.
Package xcolor Info: Model `Hsb' substituted by `hsb' on input line 1356.
Package xcolor Info: Model `tHsb' substituted by `hsb' on input line 1357.
Package xcolor Info: Model `HSB' substituted by `hsb' on input line 1358.
Package xcolor Info: Model `Gray' substituted by `gray' on input line 1359.
Package xcolor Info: Model `wave' substituted by `hsb' on input line 1360.
)
("C:\Program Files (x86)\MiKTeX 2.9\tex\latex\ltxmisc\url.sty"
\Urlmuskip=\muskip11
Package: url 2006/04/12  ver 3.3  Verb mode for urls, etc.
)
("C:\Program Files (x86)\MiKTeX 2.9\tex\latex\oberdiek\epstopdf.sty"
Package: epstopdf 2010/02/09 v2.5 Conversion with epstopdf on the fly (HO)

("C:\Program Files (x86)\MiKTeX 2.9\tex\latex\oberdiek\epstopdf-base.sty"
Package: epstopdf-base 2010/02/09 v2.5 Base part for package epstopdf

("C:\Program Files (x86)\MiKTeX 2.9\tex\latex\oberdiek\grfext.sty"
Package: grfext 2010/08/19 v1.1 Manage graphics extensions (HO)

("C:\Program Files (x86)\MiKTeX 2.9\tex\generic\oberdiek\kvdefinekeys.sty"
Package: kvdefinekeys 2011/04/07 v1.3 Define keys (HO)
))
("C:\Program Files (x86)\MiKTeX 2.9\tex\latex\oberdiek\kvoptions.sty"
Package: kvoptions 2011/06/30 v3.11 Key value format for package options (HO)

("C:\Program Files (x86)\MiKTeX 2.9\tex\generic\oberdiek\kvsetkeys.sty"
Package: kvsetkeys 2012/04/25 v1.16 Key value parser (HO)
))
Package grfext Info: Graphics extension search list:
(grfext)             [.png,.pdf,.jpg,.mps,.jpeg,.jbig2,.jb2,.PNG,.PDF,.JPG,.JPE
G,.JBIG2,.JB2,.eps]
(grfext)             \AppendGraphicsExtensions on input line 452.
))
("C:\Program Files (x86)\MiKTeX 2.9\tex\latex\hyperref\hyperref.sty"
Package: hyperref 2012/05/13 v6.82q Hypertext links for LaTeX

("C:\Program Files (x86)\MiKTeX 2.9\tex\generic\oberdiek\hobsub-hyperref.sty"
Package: hobsub-hyperref 2012/04/25 v1.12 Bundle oberdiek, subset hyperref (HO)


("C:\Program Files (x86)\MiKTeX 2.9\tex\generic\oberdiek\hobsub-generic.sty"
Package: hobsub-generic 2012/04/25 v1.12 Bundle oberdiek, subset generic (HO)
Package: hobsub 2012/04/25 v1.12 Construct package bundles (HO)
Package hobsub Info: Skipping package `infwarerr' (already loaded).
Package hobsub Info: Skipping package `ltxcmds' (already loaded).
Package hobsub Info: Skipping package `ifluatex' (already loaded).
Package hobsub Info: Skipping package `ifvtex' (already loaded).
Package: intcalc 2007/09/27 v1.1 Expandable calculations with integers (HO)
Package hobsub Info: Skipping package `ifpdf' (already loaded).
Package hobsub Info: Skipping package `etexcmds' (already loaded).
Package hobsub Info: Skipping package `kvsetkeys' (already loaded).
Package hobsub Info: Skipping package `kvdefinekeys' (already loaded).
Package hobsub Info: Skipping package `pdftexcmds' (already loaded).
Package: pdfescape 2011/11/25 v1.13 Implements pdfTeX's escape features (HO)
Package: bigintcalc 2012/04/08 v1.3 Expandable calculations on big integers (HO
)
Package: bitset 2011/01/30 v1.1 Handle bit-vector datatype (HO)
Package: uniquecounter 2011/01/30 v1.2 Provide unlimited unique counter (HO)
)
Package hobsub Info: Skipping package `hobsub' (already loaded).
Package: letltxmacro 2010/09/02 v1.4 Let assignment for LaTeX macros (HO)
Package: hopatch 2011/06/24 v1.1 Wrapper for package hooks (HO)
Package: xcolor-patch 2011/01/30 xcolor patch
Package: atveryend 2011/06/30 v1.8 Hooks at the very end of document (HO)
Package: atbegshi 2011/10/05 v1.16 At begin shipout hook (HO)
Package hobsub Info: Skipping package `refcount' (already loaded).
Package: hycolor 2011/01/30 v1.7 Color options for hyperref/bookmark (HO)
)
\@linkdim=\dimen170
\Hy@linkcounter=\count185
\Hy@pagecounter=\count186

("C:\Program Files (x86)\MiKTeX 2.9\tex\latex\hyperref\pd1enc.def"
File: pd1enc.def 2012/05/13 v6.82q Hyperref: PDFDocEncoding definition (HO)
)
\Hy@SavedSpaceFactor=\count187

("C:\Program Files (x86)\MiKTeX 2.9\tex\latex\00miktex\hyperref.cfg"
File: hyperref.cfg 2002/06/06 v1.2 hyperref configuration of TeXLive
)
Package hyperref Info: Option `plainpages' set `false' on input line 3941.
Package hyperref Info: Option `pdfdisplaydoctitle' set `true' on input line 394
1.
Package hyperref Info: Option `linktocpage' set `true' on input line 3941.
Package hyperref Info: Hyper figures OFF on input line 4062.
Package hyperref Info: Link nesting OFF on input line 4067.
Package hyperref Info: Hyper index ON on input line 4070.
Package hyperref Info: Plain pages OFF on input line 4077.
Package hyperref Info: Backreferencing OFF on input line 4082.
Package hyperref Info: Implicit mode ON; LaTeX internals redefined.
Package hyperref Info: Bookmarks ON on input line 4300.
\c@Hy@tempcnt=\count188
LaTeX Info: Redefining \url on input line 4653.
\Fld@menulength=\count189
\Field@Width=\dimen171
\Fld@charsize=\dimen172
Package hyperref Info: Hyper figures OFF on input line 5773.
Package hyperref Info: Link nesting OFF on input line 5778.
Package hyperref Info: Hyper index ON on input line 5781.
Package hyperref Info: backreferencing OFF on input line 5788.
Package hyperref Info: Link coloring OFF on input line 5793.
Package hyperref Info: Link coloring with OCG OFF on input line 5798.
Package hyperref Info: PDF/A mode OFF on input line 5803.
LaTeX Info: Redefining \ref on input line 5843.
LaTeX Info: Redefining \pageref on input line 5847.
\Hy@abspage=\count190
\c@Item=\count191
\c@Hfootnote=\count192
)

Package hyperref Message: Driver (autodetected): hpdftex.

("C:\Program Files (x86)\MiKTeX 2.9\tex\latex\hyperref\hpdftex.def"
File: hpdftex.def 2012/05/13 v6.82q Hyperref driver for pdfTeX
\Fld@listcount=\count193
\c@bookmark@seq@number=\count194

("C:\Program Files (x86)\MiKTeX 2.9\tex\latex\oberdiek\rerunfilecheck.sty"
Package: rerunfilecheck 2011/04/15 v1.7 Rerun checks for auxiliary files (HO)
Package uniquecounter Info: New unique counter `rerunfilecheck' on input line 2
82.
)
\Hy@SectionHShift=\skip61
)
("C:\Program Files (x86)\MiKTeX 2.9\tex\latex\cleveref\cleveref.sty"
Package: cleveref 2012/02/15{} v0.18.4{} Intelligent cross-referencing
Package cleveref Info: `hyperref' support loaded on input line 2166.
LaTeX Info: Redefining \cref on input line 2166.
LaTeX Info: Redefining \Cref on input line 2166.
LaTeX Info: Redefining \crefrange on input line 2166.
LaTeX Info: Redefining \Crefrange on input line 2166.
LaTeX Info: Redefining \cpageref on input line 2166.
LaTeX Info: Redefining \Cpageref on input line 2166.
LaTeX Info: Redefining \cpagerefrange on input line 2166.
LaTeX Info: Redefining \Cpagerefrange on input line 2166.
LaTeX Info: Redefining \labelcref on input line 2166.
LaTeX Info: Redefining \labelcpageref on input line 2166.
Package cleveref Info: `amsthm' support loaded on input line 2581.
Package cleveref Info: `algorithm' support loaded on input line 2838.
Package cleveref Info: `listings' support loaded on input line 2843.
Package cleveref Info: loaded `english' language definitions on input line 6732
.
)
("C:\Program Files (x86)\MiKTeX 2.9\tex\latex\biblatex\biblatex.sty"
Package: biblatex 2011/11/13 v1.7 programmable bibliographies

("C:\Program Files (x86)\MiKTeX 2.9\tex\latex\logreq\logreq.sty"
Package: logreq 2010/08/04 v1.0 xml request logger
\lrq@indent=\count195

("C:\Program Files (x86)\MiKTeX 2.9\tex\latex\logreq\logreq.def"
File: logreq.def 2010/08/04 v1.0 logreq spec v1.0
))
\c@listtotal=\count196
\c@listcount=\count197
\c@liststart=\count198
\c@liststop=\count199
\c@citecount=\count200
\c@citetotal=\count201
\c@multicitecount=\count202
\c@multicitetotal=\count203
\c@instcount=\count204
\c@maxnames=\count205
\c@minnames=\count206
\c@maxitems=\count207
\c@minitems=\count208
\c@citecounter=\count209
\c@savedcitecounter=\count210
\c@uniquelist=\count211
\c@uniquename=\count212
\c@refsection=\count213
\c@refsegment=\count214
\c@maxextrayear=\count215
\c@maxextraalpha=\count216
\c@abbrvpenalty=\count217
\c@highnamepenalty=\count218
\c@lownamepenalty=\count219
\c@maxparens=\count220
\c@parenlevel=\count221
\blx@tempcnta=\count222
\blx@tempcntb=\count223
\blx@tempcntc=\count224
\blx@maxsection=\count225
\blx@maxsegment=\count226
\blx@notetype=\count227
\blx@parenlevel@text=\count228
\blx@parenlevel@foot=\count229
\labelnumberwidth=\skip62
\labelalphawidth=\skip63
\shorthandwidth=\skip64
\biblabelsep=\skip65
\bibitemsep=\skip66
\bibnamesep=\skip67
\bibinitsep=\skip68
\bibparsep=\skip69
\bibhang=\skip70
\blx@auxin=\read2
\blx@auxout=\write5
\c@mincomprange=\count230
\c@maxcomprange=\count231
\c@mincompwidth=\count232
\c@labelname=\count233
Normal \count register pool exhausted, switching to extended pool.
\c@savedlabelname=\count277
\c@author=\count278
\c@savedauthor=\count279
\c@shortauthor=\count280
\c@savedshortauthor=\count281
\c@editor=\count282
\c@savededitor=\count283
\c@editora=\count284
\c@savededitora=\count285
\c@editorb=\count286
\c@savededitorb=\count287
\c@editorc=\count288
\c@savededitorc=\count289
\c@shorteditor=\count290
\c@savedshorteditor=\count291
\c@bookauthor=\count292
\c@savedbookauthor=\count293
\c@translator=\count294
\c@savedtranslator=\count295
\c@annotator=\count296
\c@savedannotator=\count297
\c@commentator=\count298
\c@savedcommentator=\count299
\c@introduction=\count300
\c@savedintroduction=\count301
\c@foreword=\count302
\c@savedforeword=\count303
\c@afterword=\count304
\c@savedafterword=\count305
\c@holder=\count306
\c@savedholder=\count307
\c@namea=\count308
\c@savednamea=\count309
\c@nameb=\count310
\c@savednameb=\count311
\c@namec=\count312
\c@savednamec=\count313
\c@institution=\count314
\c@savedinstitution=\count315
\c@language=\count316
\c@savedlanguage=\count317
\c@location=\count318
\c@savedlocation=\count319
\c@organization=\count320
\c@savedorganization=\count321
\c@origlocation=\count322
\c@savedoriglocation=\count323
\c@origpublisher=\count324
\c@savedorigpublisher=\count325
\c@pageref=\count326
\c@savedpageref=\count327
\c@publisher=\count328
\c@savedpublisher=\count329
\c@lista=\count330
\c@savedlista=\count331
\c@listb=\count332
\c@savedlistb=\count333
\c@listc=\count334
\c@savedlistc=\count335
\c@listd=\count336
\c@savedlistd=\count337
\c@liste=\count338
\c@savedliste=\count339
\c@listf=\count340
\c@savedlistf=\count341
Package biblatex Info: Trying to load compatibility code...
Package biblatex Info: ... file 'blx-compat.def' found.

("C:\Program Files (x86)\MiKTeX 2.9\tex\latex\biblatex\blx-compat.def"
File: blx-compat.def 2011/11/13 v1.7 biblatex generic compatibility
)
Package biblatex Info: Trying to load generic definitions...
Package biblatex Info: ... file 'biblatex.def' found.

("C:\Program Files (x86)\MiKTeX 2.9\tex\latex\biblatex\biblatex.def"
File: biblatex.def 2011/11/13 v1.7 biblatex generic definitions
\c@biburlnumpenalty=\count342
\c@biburlucpenalty=\count343
\c@biburllcpenalty=\count344
\c@smartand=\count345
)
Package biblatex Info: Trying to load natbib compatibility...
Package biblatex Info: ... file 'blx-natbib.def' found.

("C:\Program Files (x86)\MiKTeX 2.9\tex\latex\biblatex\blx-natbib.def"
File: blx-natbib.def 2011/11/13 v1.7 biblatex natbib compatibility
)
Package biblatex Info: Trying to load bibliography style 'ieee'...
Package biblatex Info: ... file 'ieee.bbx' found.

("C:\Program Files (x86)\MiKTeX 2.9\tex\latex\biblatex-ieee\ieee.bbx"
File: ieee.bbx 2012/06/16 v1.1a biblatex bibliography style
Package biblatex Info: Trying to load bibliography style 'numeric-comp'...
Package biblatex Info: ... file 'numeric-comp.bbx' found.

("C:\Program Files (x86)\MiKTeX 2.9\tex\latex\biblatex\bbx\numeric-comp.bbx"
File: numeric-comp.bbx 2011/11/13 v1.7 biblatex bibliography style
Package biblatex Info: Trying to load bibliography style 'numeric'...
Package biblatex Info: ... file 'numeric.bbx' found.

("C:\Program Files (x86)\MiKTeX 2.9\tex\latex\biblatex\bbx\numeric.bbx"
File: numeric.bbx 2011/11/13 v1.7 biblatex bibliography style
Package biblatex Info: Trying to load bibliography style 'standard'...
Package biblatex Info: ... file 'standard.bbx' found.

("C:\Program Files (x86)\MiKTeX 2.9\tex\latex\biblatex\bbx\standard.bbx"
File: standard.bbx 2011/11/13 v1.7 biblatex bibliography style
)))

Package biblatex Warning: Macro 'author' already defined.
(biblatex)                Using \renewbibmacro.

)
Package biblatex Info: Trying to load citation style 'ieee'...
Package biblatex Info: ... file 'ieee.cbx' found.
 ("C:\Program Files (x86)\MiKTeX 2.9\tex\latex\biblatex-ieee\ieee.cbx"
File: ieee.cbx 2012/06/16 v1.1a biblatex citation style
Package biblatex Info: Trying to load citation style 'numeric-comp'...
Package biblatex Info: ... file 'numeric-comp.cbx' found.

("C:\Program Files (x86)\MiKTeX 2.9\tex\latex\biblatex\cbx\numeric-comp.cbx"
File: numeric-comp.cbx 2011/11/13 v1.7 biblatex citation style
\c@cbx@tempcnta=\count346
\c@cbx@tempcntb=\count347
Package biblatex Info: Redefining '\cite'.
Package biblatex Info: Redefining '\parencite'.
Package biblatex Info: Redefining '\footcite'.
Package biblatex Info: Redefining '\footcitetext'.
Package biblatex Info: Redefining '\smartcite'.
Package biblatex Info: Redefining '\textcite'.
Package biblatex Info: Redefining '\supercite'.
Package biblatex Info: Redefining '\cites'.
Package biblatex Info: Redefining '\parencites'.
Package biblatex Info: Redefining '\smartcites'.
)
Package biblatex Info: Redefining '\cite'.
)
Package biblatex Info: Trying to load configuration file...
Package biblatex Info: ... file 'biblatex.cfg' found.

("C:\Program Files (x86)\MiKTeX 2.9\tex\latex\biblatex\biblatex.cfg"
File: biblatex.cfg 
))
Package biblatex Info: Trying to load language 'english'...
Package biblatex Info: ... file 'english.lbx' found.

("C:\Program Files (x86)\MiKTeX 2.9\tex\latex\biblatex\lbx\english.lbx"
File: english.lbx 2011/11/13 v1.7 biblatex localization
)
\@quotelevel=\count348
\@quotereset=\count349

(C:\Users\Jubin\Documents\researchWork\8085\8085_latex\8085_Documentation.aux
(C:\Users\Jubin\Documents\researchWork\8085\8085_latex\Title.aux)
(C:\Users\Jubin\Documents\researchWork\8085\8085_latex\version.aux)
(C:\Users\Jubin\Documents\researchWork\8085\8085_latex\author.aux)
(C:\Users\Jubin\Documents\researchWork\8085\8085_latex\gnu.aux)
(C:\Users\Jubin\Documents\researchWork\8085\8085_latex\ProductDescription.aux)
(C:\Users\Jubin\Documents\researchWork\8085\8085_latex\features.aux)
(C:\Users\Jubin\Documents\researchWork\8085\8085_latex\comparison.aux)
(C:\Users\Jubin\Documents\researchWork\8085\8085_latex\assemblerDirective.aux)
(C:\Users\Jubin\Documents\researchWork\8085\8085_latex\interrupt.aux)
(C:\Users\Jubin\Documents\researchWork\8085\8085_latex\Disassembler.aux)
(C:\Users\Jubin\Documents\researchWork\8085\8085_latex\tstate.aux)
(C:\Users\Jubin\Documents\researchWork\8085\8085_latex\kit.aux)
(C:\Users\Jubin\Documents\researchWork\8085\8085_latex\debug.aux))
LaTeX Font Info:    Checking defaults for OML/cmm/m/it on input line 99.
LaTeX Font Info:    ... okay on input line 99.
LaTeX Font Info:    Checking defaults for T1/cmr/m/n on input line 99.
LaTeX Font Info:    ... okay on input line 99.
LaTeX Font Info:    Checking defaults for OT1/cmr/m/n on input line 99.
LaTeX Font Info:    ... okay on input line 99.
LaTeX Font Info:    Checking defaults for OMS/cmsy/m/n on input line 99.
LaTeX Font Info:    ... okay on input line 99.
LaTeX Font Info:    Checking defaults for OMX/cmex/m/n on input line 99.
LaTeX Font Info:    ... okay on input line 99.
LaTeX Font Info:    Checking defaults for U/cmr/m/n on input line 99.
LaTeX Font Info:    ... okay on input line 99.
LaTeX Font Info:    Checking defaults for PD1/pdf/m/n on input line 99.
LaTeX Font Info:    ... okay on input line 99.
LaTeX Font Info:    Try loading font information for T1+ptm on input line 99.

("C:\Program Files (x86)\MiKTeX 2.9\tex\latex\psnfss\t1ptm.fd"
File: t1ptm.fd 2001/06/04 font definitions for T1/ptm.
)
("C:\Program Files (x86)\MiKTeX 2.9\tex\context\base\supp-pdf.mkii"
[Loading MPS to PDF converter (version 2006.09.02).]
\scratchcounter=\count350
\scratchdimen=\dimen173
\scratchbox=\box36
\nofMPsegments=\count351
\nofMParguments=\count352
\everyMPshowfont=\toks60
\MPscratchCnt=\count353
\MPscratchDim=\dimen174
\MPnumerator=\count354
\makeMPintoPDFobject=\count355
\everyMPtoPDFconversion=\toks61
)
Package caption Info: Begin \AtBeginDocument code.
Package caption Info: hyperref package is loaded.
Package caption Info: listings package is loaded.
Package caption Info: End \AtBeginDocument code.
\c@lstlisting=\count356

*geometry* driver: auto-detecting
*geometry* detected driver: pdftex
*geometry* verbose mode - [ preamble ] result:
* driver: pdftex
* paper: a4paper
* layout: <same size as paper>
* layoutoffset:(h,v)=(0.0pt,0.0pt)
* modes: 
* h-part:(L,W,R)=(56.9055pt, 483.69687pt, 56.9055pt)
* v-part:(T,H,B)=(56.9055pt, 731.23584pt, 56.9055pt)
* \paperwidth=597.50787pt
* \paperheight=845.04684pt
* \textwidth=483.69687pt
* \textheight=731.23584pt
* \oddsidemargin=-15.36449pt
* \evensidemargin=-15.36449pt
* \topmargin=-47.23828pt
* \headheight=12.0pt
* \headsep=19.8738pt
* \topskip=11.0pt
* \footskip=27.46295pt
* \marginparwidth=53.0pt
* \marginparsep=7.0pt
* \columnsep=10.0pt
* \skip\footins=10.0pt plus 4.0pt minus 2.0pt
* \hoffset=0.0pt
* \voffset=0.0pt
* \mag=1000
* \@twocolumnfalse
* \@twosidefalse
* \@mparswitchfalse
* \@reversemarginfalse
* (1in=72.27pt=25.4mm, 1cm=28.453pt)

\AtBeginShipoutBox=\box37
Package hyperref Info: Link coloring OFF on input line 99.
("C:\Program Files (x86)\MiKTeX 2.9\tex\latex\hyperref\nameref.sty"
Package: nameref 2010/04/30 v2.40 Cross-referencing by name of section

("C:\Program Files (x86)\MiKTeX 2.9\tex\generic\oberdiek\gettitlestring.sty"
Package: gettitlestring 2010/12/03 v1.4 Cleanup title references (HO)
)
\c@section@level=\count357
)
LaTeX Info: Redefining \ref on input line 99.
LaTeX Info: Redefining \pageref on input line 99.
LaTeX Info: Redefining \nameref on input line 99.

(C:\Users\Jubin\Documents\researchWork\8085\8085_latex\8085_Documentation.out)
(C:\Users\Jubin\Documents\researchWork\8085\8085_latex\8085_Documentation.out)
\@outlinefile=\write6
Package biblatex Info: Input encoding 'latin9' detected.
Package biblatex Info: Automatic encoding selection.
(biblatex)             Assuming data encoding 'latin9'.
Package biblatex Info: Trying to load bibliographic data...
Package biblatex Info: ... file '8085_Documentation.bbl' found.

(C:\Users\Jubin\Documents\researchWork\8085\8085_latex\8085_Documentation.bbl

Package biblatex Warning: BibTeX reported the following issues
(biblatex)                with 'hex':
(biblatex)                - Invalid format of field 'date' 
(biblatex)                - Invalid format of field 'date'.

)
Package biblatex Info: Reference section=0 on input line 99.
Package biblatex Info: Reference segment=0 on input line 99.
 (C:\Users\Jubin\Documents\researchWork\8085\8085_latex\Title.tex
LaTeX Font Info:    Font shape `T1/ptm/bx/n' in size <24.88> not available
(Font)              Font shape `T1/ptm/b/n' tried instead on input line 10.
LaTeX Font Info:    Try loading font information for T1+pcr on input line 11.

("C:\Program Files (x86)\MiKTeX 2.9\tex\latex\psnfss\t1pcr.fd"
File: t1pcr.fd 2001/06/04 font definitions for T1/pcr.
)
LaTeX Font Info:    Try loading font information for U+msa on input line 11.

("C:\Program Files (x86)\MiKTeX 2.9\tex\latex\amsfonts\umsa.fd"
File: umsa.fd 2009/06/22 v3.00 AMS symbols A
)
LaTeX Font Info:    Try loading font information for U+msb on input line 11.

("C:\Program Files (x86)\MiKTeX 2.9\tex\latex\amsfonts\umsb.fd"
File: umsb.fd 2009/06/22 v3.00 AMS symbols B
)
LaTeX Font Info:    Font shape `T1/ptm/bx/n' in size <10.95> not available
(Font)              Font shape `T1/ptm/b/n' tried instead on input line 17.
LaTeX Font Info:    Font shape `T1/ptm/bx/sc' in size <10.95> not available
(Font)              Font shape `T1/ptm/b/sc' tried instead on input line 17.

<construction.png, id=136, 182.18062pt x 152.82094pt>
File: construction.png Graphic file (type png)
 <use construction.png>
Package pdftex.def Info: construction.png used on input line 20.
(pdftex.def)             Requested size: 48.37263pt x 40.57663pt.
LaTeX Font Info:    Font shape `T1/ptm/bx/it' in size <10.95> not available
(Font)              Font shape `T1/ptm/b/it' tried instead on input line 21.

<"./top_page1".png, id=137, 1058.45438pt x 794.97pt>
File: "./top_page1".png Graphic file (type png)
 <use "./top_page1".png>
Package pdftex.def Info: "./top_page1".png used on input line 30.
(pdftex.def)             Requested size: 483.69687pt x 363.28885pt.
)
[1


{C:/ProgramData/MiKTeX/2.9/pdftex/config/pdftex.map} <C:/Users/Jubin/Documents/
researchWork/8085/8085_latex/construction.png> <C:/Users/Jubin/Documents/resear
chWork/8085/8085_latex/top_page1.png>]
(C:\Users\Jubin\Documents\researchWork\8085\8085_latex\version.tex
LaTeX Font Info:    Font shape `T1/ptm/bx/n' in size <14.4> not available
(Font)              Font shape `T1/ptm/b/n' tried instead on input line 2.

<./8085v1.png, id=151, 693.792pt x 460.119pt>
File: ./8085v1.png Graphic file (type png)
 <use ./8085v1.png>
Package pdftex.def Info: ./8085v1.png used on input line 7.
(pdftex.def)             Requested size: 338.58632pt x 224.54756pt.

<./8085v2.png, id=154, 578.76225pt x 430.60875pt>
File: ./8085v2.png Graphic file (type png)
 <use ./8085v2.png>
Package pdftex.def Info: ./8085v2.png used on input line 9.
(pdftex.def)             Requested size: 338.58632pt x 251.91495pt.

Overfull \hbox (14.08875pt too wide) in paragraph at lines 4--11
[][] 
 []

[2



 <C:/Users/Jubin/Documents/researchWork/8085/8085_latex/8085v1.png> <C:/Users/J
ubin/Documents/researchWork/8085/8085_latex/8085v2.png>]) [3]
(C:\Users\Jubin\Documents\researchWork\8085\8085_latex\author.tex) [1




]
(C:\Users\Jubin\Documents\researchWork\8085\8085_latex\8085_Documentation.toc)
\tf@toc=\write7

[2


] (C:\Users\Jubin\Documents\researchWork\8085\8085_latex\gnu.tex [1



] [2]
[3]) [4]
(C:\Users\Jubin\Documents\researchWork\8085\8085_latex\ProductDescription.tex
Chapter 1.
LaTeX Font Info:    Font shape `T1/ptm/bx/n' in size <20.74> not available
(Font)              Font shape `T1/ptm/b/n' tried instead on input line 1.
LaTeX Font Info:    Font shape `T1/ptm/bx/n' in size <12> not available
(Font)              Font shape `T1/ptm/b/n' tried instead on input line 21.

Underfull \hbox (badness 10000) in paragraph at lines 10--23

 []


Underfull \hbox (badness 10000) in paragraph at lines 10--23

 []

LaTeX Font Info:    Try loading font information for OMS+ptm on input line 29.
("C:\Program Files (x86)\MiKTeX 2.9\tex\latex\psnfss\omsptm.fd"
File: omsptm.fd 
)
LaTeX Font Info:    Font shape `OMS/ptm/m/n' in size <10.95> not available
(Font)              Font shape `OMS/cmsy/m/n' tried instead on input line 29.
 [5



]
<./soft_arch.png, id=250, 784.3704pt x 567.0786pt>
File: ./soft_arch.png Graphic file (type png)
 <use ./soft_arch.png>
Package pdftex.def Info: ./soft_arch.png used on input line 38.
(pdftex.def)             Requested size: 435.32422pt x 314.73235pt.

[6 <C:/Users/Jubin/Documents/researchWork/8085/8085_latex/soft_arch.png>])
[7] (C:\Users\Jubin\Documents\researchWork\8085\8085_latex\features.tex
Chapter 2.
[8



] [9]) [10]
(C:\Users\Jubin\Documents\researchWork\8085\8085_latex\comparison.tex
Chapter 3.
) [11



]
(C:\Users\Jubin\Documents\researchWork\8085\8085_latex\assemblerDirective.tex
Chapter 4.

Overfull \hbox (37.12994pt too wide) in paragraph at lines 11--29
 [][] 
 []

[12



]) [13] (C:\Users\Jubin\Documents\researchWork\8085\8085_latex\interrupt.tex) (
C:\Users\Jubin\Documents\researchWork\8085\8085_latex\Disassembler.tex
Chapter 5.
(C:\Users\Jubin\Documents\researchWork\8085\8085_latex\disassemblerDemo.tex
Underfull \hbox (badness 10000) in paragraph at lines 2--3

 []

<sampleCode1.png, id=318, 190.46156pt x 207.02344pt>
File: sampleCode1.png Graphic file (type png)
 <use sampleCode1.png>
Package pdftex.def Info: sampleCode1.png used on input line 10.
(pdftex.def)             Requested size: 193.47578pt x 210.30818pt.
LaTeX Font Info:    Font shape `T1/ptm/bx/n' in size <10> not available
(Font)              Font shape `T1/ptm/b/n' tried instead on input line 11.

<sampleCode1Rev.png, id=319, 125.71968pt x 154.32657pt>
File: sampleCode1Rev.png Graphic file (type png)

<use sampleCode1Rev.png>
Package pdftex.def Info: sampleCode1Rev.png used on input line 15.
(pdftex.def)             Requested size: 145.11053pt x 178.12878pt.

<sampleCode1Asm.png, id=320, 331.2375pt x 195.73125pt>
File: sampleCode1Asm.png Graphic file (type png)

<use sampleCode1Asm.png>
Package pdftex.def Info: sampleCode1Asm.png used on input line 21.
(pdftex.def)             Requested size: 241.84843pt x 142.90948pt.

<sampleCode1Mem.png, id=321, 286.06876pt x 220.57407pt>
File: sampleCode1Mem.png Graphic file (type png)

<use sampleCode1Mem.png>
Package pdftex.def Info: sampleCode1Mem.png used on input line 26.
(pdftex.def)             Requested size: 193.47578pt x 149.1806pt.
 <sampleCode1Hex.png, id=322, 251.43938pt x 36.135pt>
File: sampleCode1Hex.png Graphic file (type png)

<use sampleCode1Hex.png>
Package pdftex.def Info: sampleCode1Hex.png used on input line 32.
(pdftex.def)             Requested size: 241.84843pt x 34.75644pt.
)
(C:\Users\Jubin\Documents\researchWork\8085\8085_latex\IntelHex.tex [14





]
[15 <C:/Users/Jubin/Documents/researchWork/8085/8085_latex/sampleCode1.png> <C:
/Users/Jubin/Documents/researchWork/8085/8085_latex/sampleCode1Rev.png> <C:/Use
rs/Jubin/Documents/researchWork/8085/8085_latex/sampleCode1Asm.png> <C:/Users/J
ubin/Documents/researchWork/8085/8085_latex/sampleCode1Mem.png> <C:/Users/Jubin
/Documents/researchWork/8085/8085_latex/sampleCode1Hex.png>]
<"./disassemble".png, id=336, 354.57469pt x 184.43906pt>
File: "./disassemble".png Graphic file (type png)

<use "./disassemble".png>
Package pdftex.def Info: "./disassemble".png used on input line 6.
(pdftex.def)             Requested size: 354.57382pt x 184.4386pt.
)
(C:\Users\Jubin\Documents\researchWork\8085\8085_latex\DisassemblerEditor.tex
Underfull \hbox (badness 10000) in paragraph at lines 5--6

 []

[16 <C:/Users/Jubin/Documents/researchWork/8085/8085_latex/disassemble.png>]
Overfull \hbox (30.8538pt too wide) in paragraph at lines 7--13
[][] 
 []


Underfull \hbox (badness 10000) in paragraph at lines 14--15

 []

)) [17] (C:\Users\Jubin\Documents\researchWork\8085\8085_latex\tstate.tex
Chapter 6.
[18



] <./TStateEditorBefore.png, id=362, 721.94719pt x 532.23843pt>
File: ./TStateEditorBefore.png Graphic file (type png)

<use ./TStateEditorBefore.png>
Package pdftex.def Info: ./TStateEditorBefore.png used on input line 27.
(pdftex.def)             Requested size: 362.77264pt x 267.44232pt.

<./TStateBefore.png, id=363, 1027.58907pt x 387.69844pt>
File: ./TStateBefore.png Graphic file (type png)

<use ./TStateBefore.png>
Package pdftex.def Info: ./TStateBefore.png used on input line 33.
(pdftex.def)             Requested size: 483.69687pt x 182.49632pt.
 [19 <C:/Users/Jubin/Documents/researchWork/8085/8085_latex/TStateEditorBefore.
png> <C:/Users/Jubin/Documents/researchWork/8085/8085_latex/TStateBefore.png>]
<./TStateEditorAfter.png, id=372, 723.45282pt x 532.23843pt>
File: ./TStateEditorAfter.png Graphic file (type png)

<use ./TStateEditorAfter.png>
Package pdftex.def Info: ./TStateEditorAfter.png used on input line 43.
(pdftex.def)             Requested size: 362.77264pt x 266.89008pt.

<./TStateAfter.png, id=373, 1030.60031pt x 387.69844pt>
File: ./TStateAfter.png Graphic file (type png)

<use ./TStateAfter.png>
Package pdftex.def Info: ./TStateAfter.png used on input line 49.
(pdftex.def)             Requested size: 483.69687pt x 181.958pt.
 [20 <C:/Users/Jubin/Documents/researchWork/8085/8085_latex/TStateEditorAfter.p
ng> <C:/Users/Jubin/Documents/researchWork/8085/8085_latex/TStateAfter.png>]) [
21]
(C:\Users\Jubin\Documents\researchWork\8085\8085_latex\kit.tex
Chapter 7.
<"./kit".png, id=385, 557.08125pt x 380.92313pt>
File: "./kit".png Graphic file (type png)
 <use "./kit".png>
Package pdftex.def Info: "./kit".png used on input line 8.
(pdftex.def)             Requested size: 362.77264pt x 248.06207pt.
 [22



 <C:/Users/Jubin/Documents/researchWork/8085/8085_latex/kit.png>]
<sampleCode2Asm.png, id=395, 330.48468pt x 112.92188pt>
File: sampleCode2Asm.png Graphic file (type png)

<use sampleCode2Asm.png>
Package pdftex.def Info: sampleCode2Asm.png used on input line 33.
(pdftex.def)             Requested size: 362.77264pt x 123.95941pt.

Underfull \hbox (badness 10000) in paragraph at lines 38--39

 []

[23 <C:/Users/Jubin/Documents/researchWork/8085/8085_latex/sampleCode2Asm.png>]
[24] [25]) [26]
(C:\Users\Jubin\Documents\researchWork\8085\8085_latex\debug.tex
Chapter 8.
<./Debug_1.png, id=431, 783.4068pt x 540.0978pt>
File: ./Debug_1.png Graphic file (type png)
 <use ./Debug_1.png>
Package pdftex.def Info: ./Debug_1.png used on input line 5.
(pdftex.def)             Requested size: 435.32422pt x 300.12868pt.

<./Debug_2.png, id=432, 724.6272pt x 539.1342pt>
File: ./Debug_2.png Graphic file (type png)
 <use ./Debug_2.png>
Package pdftex.def Info: ./Debug_2.png used on input line 12.
(pdftex.def)             Requested size: 435.32422pt x 323.88611pt.

<./Debug_3.png, id=433, 577.55775pt x 431.211pt>
File: ./Debug_3.png Graphic file (type png)
 <use ./Debug_3.png>
Package pdftex.def Info: ./Debug_3.png used on input line 19.
(pdftex.def)             Requested size: 435.32422pt x 325.02606pt.

<./Debug_4.png, id=434, 722.7pt x 539.1342pt>
File: ./Debug_4.png Graphic file (type png)
 <use ./Debug_4.png>
Package pdftex.def Info: ./Debug_4.png used on input line 26.
(pdftex.def)             Requested size: 435.32422pt x 324.7499pt.
) [27



 <C:/Users/Jubin/Documents/researchWork/8085/8085_latex/Debug_1.png>] [28 <C:/U
sers/Jubin/Documents/researchWork/8085/8085_latex/Debug_2.png> <C:/Users/Jubin/
Documents/researchWork/8085/8085_latex/Debug_3.png>] [29 <C:/Users/Jubin/Docume
nts/researchWork/8085/8085_latex/Debug_4.png>]
Package atveryend Info: Empty hook `BeforeClearDocument' on input line 130.
 [30


]
Package atveryend Info: Empty hook `AfterLastShipout' on input line 130.

(C:\Users\Jubin\Documents\researchWork\8085\8085_latex\8085_Documentation.aux
(C:\Users\Jubin\Documents\researchWork\8085\8085_latex\Title.aux)
(C:\Users\Jubin\Documents\researchWork\8085\8085_latex\version.aux)
(C:\Users\Jubin\Documents\researchWork\8085\8085_latex\author.aux)
(C:\Users\Jubin\Documents\researchWork\8085\8085_latex\gnu.aux)
(C:\Users\Jubin\Documents\researchWork\8085\8085_latex\ProductDescription.aux)
(C:\Users\Jubin\Documents\researchWork\8085\8085_latex\features.aux)
(C:\Users\Jubin\Documents\researchWork\8085\8085_latex\comparison.aux)
(C:\Users\Jubin\Documents\researchWork\8085\8085_latex\assemblerDirective.aux)
(C:\Users\Jubin\Documents\researchWork\8085\8085_latex\interrupt.aux)
(C:\Users\Jubin\Documents\researchWork\8085\8085_latex\Disassembler.aux)
(C:\Users\Jubin\Documents\researchWork\8085\8085_latex\tstate.aux)
(C:\Users\Jubin\Documents\researchWork\8085\8085_latex\kit.aux)
(C:\Users\Jubin\Documents\researchWork\8085\8085_latex\debug.aux))
Package atveryend Info: Executing hook `AtVeryEndDocument' on input line 130.
Package atveryend Info: Executing hook `AtEndAfterFileList' on input line 130.
Package rerunfilecheck Info: File `8085_Documentation.out' has not changed.
(rerunfilecheck)             Checksum: A6BB5765EAC1F1F35D01967C53E6B42E;2301.
Package logreq Info: Writing requests to '8085_Documentation.run.xml'.
 ) 
Here is how much of TeX's memory you used:
 19945 strings out of 493921
 321427 string characters out of 3144876
 730648 words of memory out of 3000000
 22604 multiletter control sequences out of 15000+200000
 57529 words of font info for 66 fonts, out of 3000000 for 9000
 842 hyphenation exceptions out of 8191
 40i,16n,76p,986b,1018s stack positions out of 5000i,500n,10000p,200000b,50000s
{C:/Program Files (x86)/MiKTeX 2.9/fonts/enc/dvips/fontname/8r.enc}<C:/Progra
m Files (x86)/MiKTeX 2.9/fonts/type1/public/amsfonts/cm/cmmi10.pfb><C:/Program 
Files (x86)/MiKTeX 2.9/fonts/type1/public/amsfonts/cm/cmmi8.pfb><C:/Program Fil
es (x86)/MiKTeX 2.9/fonts/type1/public/amsfonts/cm/cmr10.pfb><C:/Program Files 
(x86)/MiKTeX 2.9/fonts/type1/public/amsfonts/cm/cmsy10.pfb><C:/Program Files (x
86)/MiKTeX 2.9/fonts/type1/public/amsfonts/symbols/msam10.pfb><C:/Program Files
 (x86)/MiKTeX 2.9/fonts/type1/urw/courier/ucrr8a.pfb><C:/Program Files (x86)/Mi
KTeX 2.9/fonts/type1/urw/times/utmb8a.pfb><C:/Program Files (x86)/MiKTeX 2.9/fo
nts/type1/urw/times/utmbi8a.pfb><C:/Program Files (x86)/MiKTeX 2.9/fonts/type1/
urw/times/utmr8a.pfb><C:/Program Files (x86)/MiKTeX 2.9/fonts/type1/urw/times/u
tmr8a.pfb><C:/Program Files (x86)/MiKTeX 2.9/fonts/type1/urw/times/utmri8a.pfb>

Output written on 8085_Documentation.pdf (35 pages, 4252506 bytes).
PDF statistics:
 531 PDF objects out of 1000 (max. 8388607)
 142 named destinations out of 1000 (max. 500000)
 370 words of extra memory for PDF output out of 10000 (max. 10000000)

